e:\learning\cis660\authoringtool\telescopemaya\telescope\debug\myplugin.pdb
e:\learning\cis660\authoringtool\telescopemaya\telescope\.debug\vec.obj
e:\learning\cis660\authoringtool\telescopemaya\telescope\.debug\pluginmain.obj
e:\learning\cis660\authoringtool\telescopemaya\telescope\.debug\curvegennode.obj
e:\learning\cis660\authoringtool\telescopemaya\telescope\.debug\lsystemcmd.obj
e:\learning\cis660\authoringtool\telescopemaya\telescope\.debug\lsystem.obj
e:\learning\cis660\authoringtool\telescopemaya\telescope\.debug\cylinder.obj
e:\learning\cis660\authoringtool\telescopemaya\telescope\.debug\cvcolornode.obj
e:\learning\cis660\authoringtool\telescopemaya\telescope\.debug\cubearray.obj
e:\learning\cis660\authoringtool\telescopemaya\telescope\.debug\curveoptnode.obj
e:\learning\cis660\authoringtool\telescopemaya\telescope\.debug\curve.obj
e:\learning\cis660\authoringtool\telescopemaya\telescope\.debug\global.obj
e:\learning\cis660\authoringtool\telescopemaya\telescope\.debug\telegennode.obj
e:\learning\cis660\authoringtool\telescopemaya\telescope\.debug\meshdata.obj
e:\learning\cis660\authoringtool\telescopemaya\telescope\.debug\mesh.obj
e:\learning\cis660\authoringtool\telescopemaya\telescope\.debug\meshreducenode.obj
e:\learning\cis660\authoringtool\telescopemaya\telescope\.debug\cube.obj
e:\learning\cis660\authoringtool\telescopemaya\telescope\telescoped.mll
e:\learning\cis660\authoringtool\telescopemaya\telescope\telescoped.ilk
e:\learning\cis660\authoringtool\telescopemaya\telescope\debug\myplugin.lib
e:\learning\cis660\authoringtool\telescopemaya\telescope\debug\myplugin.exp
e:\learning\cis660\authoringtool\telescopemaya\telescope\x64\debug\telescopemaya.tlog\cl.command.1.tlog
e:\learning\cis660\authoringtool\telescopemaya\telescope\x64\debug\telescopemaya.tlog\cl.read.1.tlog
e:\learning\cis660\authoringtool\telescopemaya\telescope\x64\debug\telescopemaya.tlog\cl.write.1.tlog
e:\learning\cis660\authoringtool\telescopemaya\telescope\x64\debug\telescopemaya.tlog\link.19056.delete.1.tlog
e:\learning\cis660\authoringtool\telescopemaya\telescope\x64\debug\telescopemaya.tlog\link.21896.delete.1.tlog
e:\learning\cis660\authoringtool\telescopemaya\telescope\x64\debug\telescopemaya.tlog\link.23644.delete.1.tlog
e:\learning\cis660\authoringtool\telescopemaya\telescope\x64\debug\telescopemaya.tlog\link.25032.delete.1.tlog
e:\learning\cis660\authoringtool\telescopemaya\telescope\x64\debug\telescopemaya.tlog\link.25704.delete.1.tlog
e:\learning\cis660\authoringtool\telescopemaya\telescope\x64\debug\telescopemaya.tlog\link.26184.delete.1.tlog
e:\learning\cis660\authoringtool\telescopemaya\telescope\x64\debug\telescopemaya.tlog\link.26232.delete.1.tlog
e:\learning\cis660\authoringtool\telescopemaya\telescope\x64\debug\telescopemaya.tlog\link.26240.delete.1.tlog
e:\learning\cis660\authoringtool\telescopemaya\telescope\x64\debug\telescopemaya.tlog\link.26556.delete.1.tlog
e:\learning\cis660\authoringtool\telescopemaya\telescope\x64\debug\telescopemaya.tlog\link.27376.delete.1.tlog
e:\learning\cis660\authoringtool\telescopemaya\telescope\x64\debug\telescopemaya.tlog\link.27544.delete.1.tlog
e:\learning\cis660\authoringtool\telescopemaya\telescope\x64\debug\telescopemaya.tlog\link.31248.delete.1.tlog
e:\learning\cis660\authoringtool\telescopemaya\telescope\x64\debug\telescopemaya.tlog\link.33612.delete.1.tlog
e:\learning\cis660\authoringtool\telescopemaya\telescope\x64\debug\telescopemaya.tlog\link.3724.delete.1.tlog
e:\learning\cis660\authoringtool\telescopemaya\telescope\x64\debug\telescopemaya.tlog\link.6728.delete.1.tlog
e:\learning\cis660\authoringtool\telescopemaya\telescope\x64\debug\telescopemaya.tlog\link.82660.delete.1.tlog
e:\learning\cis660\authoringtool\telescopemaya\telescope\x64\debug\telescopemaya.tlog\link.8924.delete.1.tlog
e:\learning\cis660\authoringtool\telescopemaya\telescope\x64\debug\telescopemaya.tlog\link.command.1.tlog
e:\learning\cis660\authoringtool\telescopemaya\telescope\x64\debug\telescopemaya.tlog\link.delete.1.tlog
e:\learning\cis660\authoringtool\telescopemaya\telescope\x64\debug\telescopemaya.tlog\link.read.1.tlog
e:\learning\cis660\authoringtool\telescopemaya\telescope\x64\debug\telescopemaya.tlog\link.write.1.tlog
e:\learning\cis660\authoringtool\telescopemaya\telescope\x64\debug\telescopemaya.tlog\telescopemaya.write.1u.tlog
